<?xml version="1.0" encoding="UTF-8"?>
<!-- Generated by org.testng.reporters.JUnitReportReporter -->
<testsuite hostname="DESKTOP-JJ8J2OK" failures="0" tests="1" name="LoginPageTest" time="11.692" errors="0" timestamp="2022-02-09T17:24:58 CET" skipped="0">
  <testcase classname="LoginPageTest" name="TestLogin" time="11.692"/>
  <system-out/>
</testsuite> <!-- LoginPageTest -->
